{"level":"info","message":"GET /api/users/isLoggedIn","timestamp":"2024-12-07T10:45:42.062Z"}
{"level":"info","message":"GET /api/users/isLoggedIn","timestamp":"2024-12-07T10:46:53.701Z"}
{"level":"info","message":"GET /api/users/isLoggedIn","timestamp":"2024-12-07T10:47:47.302Z"}
{"level":"info","message":"GET /api/users/isLoggedIn","timestamp":"2024-12-07T10:48:21.168Z"}
{"level":"info","message":"GET /api/users/isLoggedIn","timestamp":"2024-12-07T10:49:59.188Z"}
{"level":"info","message":"GET /api/users/isLoggedIn","timestamp":"2024-12-08T06:53:02.379Z"}
{"level":"info","message":"GET /api/users/isLoggedIn","timestamp":"2024-12-08T06:53:39.857Z"}
{"level":"info","message":"GET /api/users/isLoggedIn","timestamp":"2024-12-08T06:53:49.896Z"}
{"level":"info","message":"GET /api/users/isLoggedIn","timestamp":"2024-12-08T06:56:52.242Z"}
{"level":"info","message":"GET /api/users/isLoggedIn","timestamp":"2024-12-08T06:56:52.328Z"}
{"level":"info","message":"GET /api/notes/get-notes?username=skakkar","timestamp":"2024-12-08T06:56:52.345Z"}
{"level":"info","message":"GET /api/notes/get-notes?username=skakkar","timestamp":"2024-12-08T06:56:52.470Z"}
{"level":"info","message":"DELETE /api/notes/delete-note","timestamp":"2024-12-08T06:57:00.234Z"}
{"level":"info","message":"GET /api/notes/get-notes?username=skakkar","timestamp":"2024-12-08T06:57:00.501Z"}
{"level":"info","message":"GET /api/users/isLoggedIn","timestamp":"2024-12-08T06:57:07.799Z"}
{"level":"info","message":"GET /api/users/isLoggedIn","timestamp":"2024-12-08T06:57:08.015Z"}
{"level":"info","message":"GET /api/notes/get-notes?username=skakkar","timestamp":"2024-12-08T06:57:08.033Z"}
{"level":"info","message":"GET /api/notes/get-notes?username=skakkar","timestamp":"2024-12-08T06:57:08.309Z"}
{"level":"info","message":"DELETE /api/notes/delete-note","timestamp":"2024-12-08T06:57:12.519Z"}
{"level":"info","message":"GET /api/notes/get-notes?username=skakkar","timestamp":"2024-12-08T06:57:12.629Z"}
{"level":"info","message":"POST /api/notes/create-note","timestamp":"2024-12-08T06:57:16.206Z"}
{"level":"info","message":"GET /api/notes/get-notes?username=skakkar","timestamp":"2024-12-08T06:57:16.681Z"}
{"level":"info","message":"POST /api/notes/modify-note","timestamp":"2024-12-08T06:57:22.419Z"}
{"level":"info","message":"POST /api/notes/modify-note","timestamp":"2024-12-08T06:57:22.481Z"}
{"level":"info","message":"GET /api/notes/get-notes?username=skakkar","timestamp":"2024-12-08T06:57:22.487Z"}
{"level":"info","message":"GET /api/notes/get-notes?username=skakkar","timestamp":"2024-12-08T06:57:22.590Z"}
{"level":"info","message":"POST /api/notes/modify-note","timestamp":"2024-12-08T06:57:23.482Z"}
{"level":"info","message":"GET /api/notes/get-notes?username=skakkar","timestamp":"2024-12-08T06:57:23.632Z"}
{"level":"info","message":"POST /api/notes/modify-note","timestamp":"2024-12-08T06:57:23.773Z"}
{"level":"info","message":"GET /api/notes/get-notes?username=skakkar","timestamp":"2024-12-08T06:57:23.959Z"}
{"level":"info","message":"POST /api/notes/modify-note","timestamp":"2024-12-08T06:57:23.979Z"}
{"level":"info","message":"POST /api/notes/modify-note","timestamp":"2024-12-08T06:57:24.201Z"}
{"level":"info","message":"GET /api/notes/get-notes?username=skakkar","timestamp":"2024-12-08T06:57:24.204Z"}
{"level":"info","message":"POST /api/notes/modify-note","timestamp":"2024-12-08T06:57:24.323Z"}
{"level":"info","message":"GET /api/notes/get-notes?username=skakkar","timestamp":"2024-12-08T06:57:24.564Z"}
{"level":"info","message":"POST /api/notes/modify-note","timestamp":"2024-12-08T06:57:24.604Z"}
{"level":"info","message":"GET /api/notes/get-notes?username=skakkar","timestamp":"2024-12-08T06:57:24.835Z"}
{"level":"info","message":"GET /api/notes/get-notes?username=skakkar","timestamp":"2024-12-08T06:57:25.381Z"}
{"level":"info","message":"POST /api/notes/modify-note","timestamp":"2024-12-08T06:57:25.887Z"}
{"level":"info","message":"GET /api/notes/get-notes?username=skakkar","timestamp":"2024-12-08T06:57:26.098Z"}
{"level":"info","message":"POST /api/notes/create-note","timestamp":"2024-12-08T06:57:28.404Z"}
{"level":"info","message":"GET /api/notes/get-notes?username=skakkar","timestamp":"2024-12-08T06:57:28.724Z"}
{"level":"info","message":"POST /api/notes/modify-note","timestamp":"2024-12-08T06:57:40.646Z"}
{"level":"info","message":"GET /api/notes/get-notes?username=skakkar","timestamp":"2024-12-08T06:57:40.994Z"}
{"level":"info","message":"POST /api/notes/modify-note","timestamp":"2024-12-08T06:57:42.644Z"}
{"level":"info","message":"GET /api/notes/get-notes?username=skakkar","timestamp":"2024-12-08T06:57:42.889Z"}
{"level":"info","message":"GET /api/users/isLoggedIn","timestamp":"2024-12-08T06:57:50.730Z"}
{"level":"info","message":"GET /api/users/isLoggedIn","timestamp":"2024-12-08T06:57:51.033Z"}
{"level":"info","message":"GET /api/notes/get-notes?username=skakkar","timestamp":"2024-12-08T06:57:51.045Z"}
{"level":"info","message":"GET /api/notes/get-notes?username=skakkar","timestamp":"2024-12-08T06:57:51.267Z"}
{"level":"info","message":"POST /api/notes/modify-note","timestamp":"2024-12-08T06:58:20.620Z"}
{"level":"info","message":"POST /api/notes/modify-note","timestamp":"2024-12-08T06:58:20.714Z"}
{"level":"info","message":"GET /api/notes/get-notes?username=skakkar","timestamp":"2024-12-08T06:58:20.734Z"}
{"level":"info","message":"GET /api/notes/get-notes?username=skakkar","timestamp":"2024-12-08T06:58:20.931Z"}
{"level":"info","message":"POST /api/notes/modify-note","timestamp":"2024-12-08T06:58:22.304Z"}
{"level":"info","message":"POST /api/notes/modify-note","timestamp":"2024-12-08T06:58:22.445Z"}
{"level":"info","message":"GET /api/notes/get-notes?username=skakkar","timestamp":"2024-12-08T06:58:22.474Z"}
{"level":"info","message":"GET /api/notes/get-notes?username=skakkar","timestamp":"2024-12-08T06:58:22.679Z"}
{"level":"info","message":"POST /api/notes/modify-note","timestamp":"2024-12-08T06:58:23.436Z"}
{"level":"info","message":"POST /api/notes/modify-note","timestamp":"2024-12-08T06:58:23.560Z"}
{"level":"info","message":"GET /api/notes/get-notes?username=skakkar","timestamp":"2024-12-08T06:58:23.572Z"}
{"level":"info","message":"POST /api/notes/modify-note","timestamp":"2024-12-08T06:58:23.701Z"}
{"level":"info","message":"GET /api/notes/get-notes?username=skakkar","timestamp":"2024-12-08T06:58:23.764Z"}
{"level":"info","message":"GET /api/notes/get-notes?username=skakkar","timestamp":"2024-12-08T06:58:23.963Z"}
{"level":"info","message":"POST /api/notes/modify-note","timestamp":"2024-12-08T06:58:24.014Z"}
{"level":"info","message":"POST /api/notes/modify-note","timestamp":"2024-12-08T06:58:24.077Z"}
{"level":"info","message":"GET /api/notes/get-notes?username=skakkar","timestamp":"2024-12-08T06:58:24.092Z"}
{"level":"info","message":"GET /api/notes/get-notes?username=skakkar","timestamp":"2024-12-08T06:58:24.192Z"}
{"level":"info","message":"POST /api/notes/modify-note","timestamp":"2024-12-08T06:58:24.785Z"}
{"level":"info","message":"GET /api/notes/get-notes?username=skakkar","timestamp":"2024-12-08T06:58:25.067Z"}
{"level":"info","message":"POST /api/notes/modify-note","timestamp":"2024-12-08T06:58:25.298Z"}
{"level":"info","message":"GET /api/notes/get-notes?username=skakkar","timestamp":"2024-12-08T06:58:26.110Z"}
{"level":"info","message":"POST /api/notes/modify-note","timestamp":"2024-12-08T06:58:31.833Z"}
{"level":"info","message":"POST /api/notes/modify-note","timestamp":"2024-12-08T06:58:31.917Z"}
{"level":"info","message":"GET /api/notes/get-notes?username=skakkar","timestamp":"2024-12-08T06:58:31.933Z"}
{"level":"info","message":"POST /api/notes/modify-note","timestamp":"2024-12-08T06:58:32.035Z"}
{"level":"info","message":"POST /api/notes/modify-note","timestamp":"2024-12-08T06:58:32.164Z"}
{"level":"info","message":"GET /api/notes/get-notes?username=skakkar","timestamp":"2024-12-08T06:58:32.174Z"}
{"level":"info","message":"GET /api/notes/get-notes?username=skakkar","timestamp":"2024-12-08T06:58:32.266Z"}
{"level":"info","message":"POST /api/notes/modify-note","timestamp":"2024-12-08T06:58:32.275Z"}
{"level":"info","message":"POST /api/notes/modify-note","timestamp":"2024-12-08T06:58:32.384Z"}
{"level":"info","message":"POST /api/notes/modify-note","timestamp":"2024-12-08T06:58:32.503Z"}
{"level":"info","message":"GET /api/notes/get-notes?username=skakkar","timestamp":"2024-12-08T06:58:32.513Z"}
{"level":"info","message":"GET /api/notes/get-notes?username=skakkar","timestamp":"2024-12-08T06:58:32.619Z"}
{"level":"info","message":"POST /api/notes/modify-note","timestamp":"2024-12-08T06:58:32.642Z"}
{"level":"info","message":"GET /api/notes/get-notes?username=skakkar","timestamp":"2024-12-08T06:58:32.709Z"}
{"level":"info","message":"POST /api/notes/modify-note","timestamp":"2024-12-08T06:58:32.736Z"}
{"level":"info","message":"GET /api/notes/get-notes?username=skakkar","timestamp":"2024-12-08T06:58:32.846Z"}
{"level":"info","message":"POST /api/notes/modify-note","timestamp":"2024-12-08T06:58:32.896Z"}
{"level":"info","message":"GET /api/notes/get-notes?username=skakkar","timestamp":"2024-12-08T06:58:33.064Z"}
{"level":"info","message":"POST /api/notes/modify-note","timestamp":"2024-12-08T06:58:33.199Z"}
{"level":"info","message":"GET /api/notes/get-notes?username=skakkar","timestamp":"2024-12-08T06:58:33.208Z"}
{"level":"info","message":"POST /api/notes/modify-note","timestamp":"2024-12-08T06:58:33.231Z"}
{"level":"info","message":"GET /api/notes/get-notes?username=skakkar","timestamp":"2024-12-08T06:58:33.418Z"}
{"level":"info","message":"GET /api/notes/get-notes?username=skakkar","timestamp":"2024-12-08T06:58:33.982Z"}
{"level":"info","message":"POST /api/notes/modify-note","timestamp":"2024-12-08T06:58:34.042Z"}
{"level":"info","message":"GET /api/notes/get-notes?username=skakkar","timestamp":"2024-12-08T06:58:34.294Z"}
{"level":"info","message":"GET /api/notes/get-notes?username=skakkar","timestamp":"2024-12-08T06:58:34.597Z"}
{"level":"info","message":"POST /api/notes/modify-note","timestamp":"2024-12-08T06:58:36.321Z"}
{"level":"info","message":"GET /api/notes/get-notes?username=skakkar","timestamp":"2024-12-08T06:58:36.549Z"}
{"level":"info","message":"POST /api/users/logout","timestamp":"2024-12-08T06:59:02.319Z"}
{"level":"info","message":"GET /api/users/isLoggedIn","timestamp":"2024-12-08T06:59:02.701Z"}
{"level":"info","message":"GET /api/users/isLoggedIn","timestamp":"2024-12-08T06:59:02.704Z"}
{"level":"info","message":"POST /api/users/login","timestamp":"2024-12-08T06:59:06.985Z"}
{"level":"info","message":"GET /api/users/isLoggedIn","timestamp":"2024-12-08T06:59:07.670Z"}
{"level":"info","message":"GET /api/users/isLoggedIn","timestamp":"2024-12-08T06:59:07.984Z"}
{"level":"info","message":"GET /api/notes/get-notes?username=skakkar","timestamp":"2024-12-08T06:59:07.999Z"}
{"level":"info","message":"GET /api/notes/get-notes?username=skakkar","timestamp":"2024-12-08T06:59:08.130Z"}
{"level":"info","message":"DELETE /api/notes/delete-note","timestamp":"2024-12-08T06:59:27.913Z"}
{"level":"info","message":"GET /api/notes/get-notes?username=skakkar","timestamp":"2024-12-08T06:59:28.137Z"}
{"level":"info","message":"GET /api/users/isLoggedIn","timestamp":"2024-12-08T06:59:32.244Z"}
{"level":"info","message":"GET /api/users/isLoggedIn","timestamp":"2024-12-08T06:59:32.350Z"}
{"level":"info","message":"GET /api/notes/get-notes?username=skakkar","timestamp":"2024-12-08T06:59:32.360Z"}
{"level":"info","message":"GET /api/notes/get-notes?username=skakkar","timestamp":"2024-12-08T06:59:32.603Z"}
{"level":"info","message":"POST /api/notes/modify-note","timestamp":"2024-12-08T07:05:11.806Z"}
{"level":"info","message":"POST /api/notes/modify-note","timestamp":"2024-12-08T07:05:11.874Z"}
{"level":"info","message":"POST /api/notes/modify-note","timestamp":"2024-12-08T07:05:11.887Z"}
{"level":"info","message":"GET /api/notes/get-notes?username=skakkar","timestamp":"2024-12-08T07:05:11.893Z"}
{"level":"info","message":"GET /api/notes/get-notes?username=skakkar","timestamp":"2024-12-08T07:05:11.990Z"}
{"level":"info","message":"POST /api/notes/modify-note","timestamp":"2024-12-08T07:05:12.042Z"}
{"level":"info","message":"GET /api/notes/get-notes?username=skakkar","timestamp":"2024-12-08T07:05:12.083Z"}
{"level":"info","message":"GET /api/notes/get-notes?username=skakkar","timestamp":"2024-12-08T07:05:12.180Z"}
{"level":"info","message":"POST /api/notes/modify-note","timestamp":"2024-12-08T07:05:12.183Z"}
{"level":"info","message":"GET /api/notes/get-notes?username=skakkar","timestamp":"2024-12-08T07:05:12.276Z"}
{"level":"info","message":"POST /api/notes/modify-note","timestamp":"2024-12-08T07:05:13.272Z"}
{"level":"info","message":"GET /api/notes/get-notes?username=skakkar","timestamp":"2024-12-08T07:05:13.324Z"}
{"level":"info","message":"POST /api/notes/modify-note","timestamp":"2024-12-08T07:05:13.410Z"}
{"level":"info","message":"GET /api/notes/get-notes?username=skakkar","timestamp":"2024-12-08T07:05:13.466Z"}
{"level":"info","message":"POST /api/notes/modify-note","timestamp":"2024-12-08T07:05:13.499Z"}
{"level":"info","message":"GET /api/notes/get-notes?username=skakkar","timestamp":"2024-12-08T07:05:13.575Z"}
{"level":"info","message":"POST /api/notes/modify-note","timestamp":"2024-12-08T07:05:13.718Z"}
{"level":"info","message":"GET /api/notes/get-notes?username=skakkar","timestamp":"2024-12-08T07:05:13.770Z"}
{"level":"info","message":"POST /api/notes/modify-note","timestamp":"2024-12-08T07:05:13.892Z"}
{"level":"info","message":"GET /api/notes/get-notes?username=skakkar","timestamp":"2024-12-08T07:05:13.948Z"}
{"level":"info","message":"POST /api/notes/modify-note","timestamp":"2024-12-08T07:05:15.610Z"}
{"level":"info","message":"POST /api/notes/modify-note","timestamp":"2024-12-08T07:05:15.686Z"}
{"level":"info","message":"GET /api/notes/get-notes?username=skakkar","timestamp":"2024-12-08T07:05:15.705Z"}
{"level":"info","message":"POST /api/notes/modify-note","timestamp":"2024-12-08T07:05:15.806Z"}
{"level":"info","message":"POST /api/notes/modify-note","timestamp":"2024-12-08T07:05:15.918Z"}
{"level":"info","message":"GET /api/notes/get-notes?username=skakkar","timestamp":"2024-12-08T07:05:15.927Z"}
{"level":"info","message":"POST /api/notes/modify-note","timestamp":"2024-12-08T07:05:16.028Z"}
{"level":"info","message":"POST /api/notes/modify-note","timestamp":"2024-12-08T07:05:16.139Z"}
{"level":"info","message":"GET /api/notes/get-notes?username=skakkar","timestamp":"2024-12-08T07:05:16.149Z"}
{"level":"info","message":"POST /api/notes/modify-note","timestamp":"2024-12-08T07:05:16.243Z"}
{"level":"info","message":"POST /api/notes/modify-note","timestamp":"2024-12-08T07:05:16.360Z"}
{"level":"info","message":"GET /api/notes/get-notes?username=skakkar","timestamp":"2024-12-08T07:05:16.372Z"}
{"level":"info","message":"POST /api/notes/modify-note","timestamp":"2024-12-08T07:05:16.468Z"}
{"level":"info","message":"GET /api/notes/get-notes?username=skakkar","timestamp":"2024-12-08T07:05:16.563Z"}
{"level":"info","message":"POST /api/notes/modify-note","timestamp":"2024-12-08T07:05:16.569Z"}
{"level":"info","message":"GET /api/notes/get-notes?username=skakkar","timestamp":"2024-12-08T07:05:16.660Z"}
{"level":"info","message":"POST /api/notes/modify-note","timestamp":"2024-12-08T07:05:16.674Z"}
{"level":"info","message":"GET /api/notes/get-notes?username=skakkar","timestamp":"2024-12-08T07:05:16.760Z"}
{"level":"info","message":"POST /api/notes/modify-note","timestamp":"2024-12-08T07:05:16.849Z"}
{"level":"info","message":"GET /api/notes/get-notes?username=skakkar","timestamp":"2024-12-08T07:05:16.860Z"}
{"level":"info","message":"POST /api/notes/modify-note","timestamp":"2024-12-08T07:05:16.939Z"}
{"level":"info","message":"GET /api/notes/get-notes?username=skakkar","timestamp":"2024-12-08T07:05:16.976Z"}
{"level":"info","message":"GET /api/notes/get-notes?username=skakkar","timestamp":"2024-12-08T07:05:17.076Z"}
{"level":"info","message":"GET /api/notes/get-notes?username=skakkar","timestamp":"2024-12-08T07:05:17.172Z"}
{"level":"info","message":"GET /api/notes/get-notes?username=skakkar","timestamp":"2024-12-08T07:05:17.267Z"}
{"level":"info","message":"GET /api/notes/get-notes?username=skakkar","timestamp":"2024-12-08T07:05:17.365Z"}
{"level":"info","message":"POST /api/notes/modify-note","timestamp":"2024-12-08T07:05:17.639Z"}
{"level":"info","message":"GET /api/notes/get-notes?username=skakkar","timestamp":"2024-12-08T07:05:17.697Z"}
{"level":"info","message":"POST /api/notes/modify-note","timestamp":"2024-12-08T07:05:18.061Z"}
{"level":"info","message":"GET /api/notes/get-notes?username=skakkar","timestamp":"2024-12-08T07:05:18.117Z"}
{"level":"info","message":"POST /api/notes/modify-note","timestamp":"2024-12-08T07:05:18.179Z"}
{"level":"info","message":"GET /api/notes/get-notes?username=skakkar","timestamp":"2024-12-08T07:05:18.233Z"}
{"level":"info","message":"POST /api/notes/modify-note","timestamp":"2024-12-08T07:05:25.660Z"}
{"level":"info","message":"POST /api/notes/modify-note","timestamp":"2024-12-08T07:05:25.792Z"}
{"level":"info","message":"GET /api/notes/get-notes?username=skakkar","timestamp":"2024-12-08T07:05:25.806Z"}
{"level":"info","message":"GET /api/notes/get-notes?username=skakkar","timestamp":"2024-12-08T07:05:26.084Z"}
{"level":"info","message":"POST /api/notes/modify-note","timestamp":"2024-12-08T07:05:26.641Z"}
{"level":"info","message":"GET /api/notes/get-notes?username=skakkar","timestamp":"2024-12-08T07:05:26.915Z"}
{"level":"info","message":"POST /api/notes/modify-note","timestamp":"2024-12-08T07:05:56.411Z"}
{"level":"info","message":"GET /api/notes/get-notes?username=skakkar","timestamp":"2024-12-08T07:05:56.640Z"}
{"level":"info","message":"POST /api/notes/modify-note","timestamp":"2024-12-08T07:06:14.969Z"}
{"level":"info","message":"GET /api/notes/get-notes?username=skakkar","timestamp":"2024-12-08T07:06:15.136Z"}
{"level":"info","message":"POST /api/notes/modify-note","timestamp":"2024-12-08T07:06:26.241Z"}
{"level":"info","message":"GET /api/notes/get-notes?username=skakkar","timestamp":"2024-12-08T07:06:26.424Z"}
{"level":"info","message":"POST /api/notes/modify-note","timestamp":"2024-12-08T07:29:32.092Z"}
{"level":"info","message":"POST /api/notes/modify-note","timestamp":"2024-12-08T07:29:32.451Z"}
{"level":"info","message":"POST /api/notes/modify-note","timestamp":"2024-12-08T07:29:32.463Z"}
{"level":"info","message":"POST /api/notes/modify-note","timestamp":"2024-12-08T07:29:32.510Z"}
{"level":"info","message":"POST /api/notes/modify-note","timestamp":"2024-12-08T07:29:32.511Z"}
{"level":"info","message":"POST /api/notes/modify-note","timestamp":"2024-12-08T07:29:32.560Z"}
{"level":"info","message":"POST /api/notes/modify-note","timestamp":"2024-12-08T07:30:02.116Z"}
{"level":"info","message":"POST /api/notes/modify-note","timestamp":"2024-12-08T07:30:02.463Z"}
{"level":"info","message":"POST /api/notes/modify-note","timestamp":"2024-12-08T07:30:02.467Z"}
{"level":"info","message":"POST /api/notes/modify-note","timestamp":"2024-12-08T07:30:02.528Z"}
{"level":"info","message":"POST /api/notes/modify-note","timestamp":"2024-12-08T07:30:02.530Z"}
{"level":"info","message":"POST /api/notes/modify-note","timestamp":"2024-12-08T07:30:02.575Z"}
{"level":"info","message":"POST /api/notes/modify-note","timestamp":"2024-12-08T07:30:32.138Z"}
{"level":"info","message":"POST /api/notes/modify-note","timestamp":"2024-12-08T07:30:32.470Z"}
{"level":"info","message":"POST /api/notes/create-note","timestamp":"2024-12-08T07:30:32.477Z"}
{"level":"info","message":"POST /api/notes/create-note","timestamp":"2024-12-08T07:30:32.541Z"}
{"level":"info","message":"GET /api/users/isLoggedIn","timestamp":"2024-12-08T07:59:47.929Z"}
{"level":"info","message":"GET /api/users/isLoggedIn","timestamp":"2024-12-08T07:59:48.205Z"}
{"level":"info","message":"GET /api/notes/get-notes?username=skakkar","timestamp":"2024-12-08T07:59:48.217Z"}
{"level":"info","message":"GET /api/notes/get-notes?username=skakkar","timestamp":"2024-12-08T07:59:48.713Z"}
